<?xml version="1.0" encoding="UTF-8"?>
<!-- Generated by org.testng.reporters.JUnitReportReporter -->
<testsuite hostname="DESKTOP-0BV205A" failures="0" tests="1" name="seleniumdemoproject.TestSelenium" time="3.721" errors="0" timestamp="2021-03-21T01:43:29 GST" skipped="0">
  <testcase classname="seleniumdemoproject.TestSelenium" name="testcase01" time="3.721"/>
</testsuite> <!-- seleniumdemoproject.TestSelenium -->
